Arguments: Namespace(algorithm='incremental', debug=False, nofluents=False, problem='nine_pieces', reset_to_home=False, seq_n=None, write=True)
[36mUsing pyplanner backend.[0m
[35mSymbolic process json parsed from C:\Users\harry\Documents\code_ws\pb_ws\debug_pyplanners\itj\nine_pieces_process_symbolic.json[0m
[36mSolving for beam ['b0', 'b1', 'b2', 'b3', 'b5', 'b6', 'b7', 'b8', 'b4'][0m
[33mUsing beam sequence ordering: ['b0', 'b1', 'b2', 'b3', 'b5', 'b6', 'b7', 'b8', 'b4'][0m

Initial: [('RobotToolChangerEmpty',), ('AtRack', 'b0'), ('Element', 'b0'), ('GroundContactElement', 'b0'), ('AtRack', 'b1'), ('Element', 'b1'), ('GroundContactElement', 'b1'), ('AtRack', 'b2'), ('Element', 'b2'), ('ClampedElement', 'b2'), ('AtRack', 'b3'), ('Element', 'b3'), ('ClampedElement', 'b3'), ('AtRack', 'b5'), ('Element', 'b5'), ('GroundContactElement', 'b5'), ('AtRack', 'b6'), ('Element', 'b6'), ('ClampedElement', 'b6'), ('AtRack', 'b7'), ('Element', 'b7'), ('GroundContactElement', 'b7'), ('AtRack', 'b8'), ('Element', 'b8'), ('ClampedElement', 'b8'), ('AtRack', 'b4'), ('Element', 'b4'), ('ClampedElement', 'b4'), ('Joint', 'b0', 'b2'), ('Joint', 'b0', 'b3'), ('Joint', 'b0', 'b6'), ('Joint', 'b1', 'b2'), ('Joint', 'b1', 'b3'), ('Joint', 'b1', 'b8'), ('Joint', 'b5', 'b4'), ('Joint', 'b5', 'b6'), ('Joint', 'b7', 'b4'), ('Joint', 'b7', 'b8'), ('Order', 'b0', 'b1'), ('Order', 'b1', 'b2'), ('Order', 'b2', 'b3'), ('Order', 'b3', 'b5'), ('Order', 'b5', 'b6'), ('Order', 'b6', 'b7'), ('Order', 'b7', 'b8'), ('Order', 'b8', 'b4'), ('Clamp', 'c1'), ('Tool', 'c1'), ('AtRack', 'c1'), ('ToolNotOccupiedOnJoint', 'c1'), ('Clamp', 'c2'), ('Tool', 'c2'), ('AtRack', 'c2'), ('ToolNotOccupiedOnJoint', 'c2'), ('Clamp', 'c3'), ('Tool', 'c3'), ('AtRack', 'c3'), ('ToolNotOccupiedOnJoint', 'c3'), ('Clamp', 'c4'), ('Tool', 'c4'), ('AtRack', 'c4'), ('ToolNotOccupiedOnJoint', 'c4'), ('JointToolTypeMatch', 'b0', 'b2', 'c3'), ('JointToolTypeMatch', 'b0', 'b2', 'c4'), ('JointToolTypeMatch', 'b0', 'b3', 'c3'), ('JointToolTypeMatch', 'b0', 'b3', 'c4'), ('JointToolTypeMatch', 'b0', 'b6', 'c1'), ('JointToolTypeMatch', 'b0', 'b6', 'c2'), ('JointToolTypeMatch', 'b1', 'b2', 'c3'), ('JointToolTypeMatch', 'b1', 'b2', 'c4'), ('JointToolTypeMatch', 'b1', 'b3', 'c3'), ('JointToolTypeMatch', 'b1', 'b3', 'c4'), ('JointToolTypeMatch', 'b1', 'b8', 'c1'), ('JointToolTypeMatch', 'b1', 'b8', 'c2'), ('JointToolTypeMatch', 'b5', 'b4', 'c1'), ('JointToolTypeMatch', 'b5', 'b4', 'c2'), ('JointToolTypeMatch', 'b5', 'b6', 'c1'), ('JointToolTypeMatch', 'b5', 'b6', 'c2'), ('JointToolTypeMatch', 'b7', 'b4', 'c1'), ('JointToolTypeMatch', 'b7', 'b4', 'c2'), ('JointToolTypeMatch', 'b7', 'b8', 'c1'), ('JointToolTypeMatch', 'b7', 'b8', 'c2'), ('Gripper', 'g1'), ('Tool', 'g1'), ('AtRack', 'g1'), ('Gripper', 'g2'), ('Tool', 'g2'), ('AtRack', 'g2'), ('Gripper', 'g3'), ('Tool', 'g3'), ('AtRack', 'g3'), ('GripperToolTypeMatch', 'b0', 'g2'), ('GripperToolTypeMatch', 'b1', 'g2'), ('GripperToolTypeMatch', 'b2', 'g2'), ('GripperToolTypeMatch', 'b3', 'g2'), ('GripperToolTypeMatch', 'b5', 'g2'), ('GripperToolTypeMatch', 'b6', 'g1'), ('GripperToolTypeMatch', 'b7', 'g2'), ('GripperToolTypeMatch', 'b8', 'g1'), ('GripperToolTypeMatch', 'b4', 'g2')]

Goal: ('and', ('Assembled', 'b0'), ('Assembled', 'b1'), ('Assembled', 'b2'), ('Assembled', 'b3'), ('Assembled', 'b5'), ('Assembled', 'b6'), ('Assembled', 'b7'), ('Assembled', 'b8'), ('Assembled', 'b4'))

Iteration: 1 | Complexity: 0 | Calls: 0 | Evaluations: 100 | Solved: False | Cost: inf | Search Time: 0.001 | Sample Time: 0.000 | Time: 0.001
Initial: State{Atom atrack(v1), Atom atrack(v10), Atom atrack(v11), Atom atrack(v12), Atom atrack(v13), Atom atrack(v14), Atom atrack(v15), Atom atrack(v16), Atom atrack(v2), Atom atrack(v3), Atom atrack(v4), Atom atrack(v5), Atom atrack(v6), Atom atrack(v7), Atom atrack(v8), Atom atrack(v9), Atom robottoolchangerempty(), Atom toolnotoccupiedonjoint(v10), Atom toolnotoccupiedonjoint(v11), Atom toolnotoccupiedonjoint(v12), Atom toolnotoccupiedonjoint(v13)}
Goal: PartialState{Atom assembled(v1), Atom assembled(v2), Atom assembled(v3), Atom assembled(v4), Atom assembled(v5), Atom assembled(v6), Atom assembled(v7), Atom assembled(v8), Atom assembled(v9)}
Actions: 94 | Axioms: 90
Search: eager | Evaluator: greedy | Heuristic: ff | Successors: all

-------------------------------------------------------------------------------------

State{Atom atrack(v1), Atom atrack(v10), Atom atrack(v11), Atom atrack(v12), Atom atrack(v13), Atom atrack(v14), Atom atrack(v15), Atom atrack(v16), Atom atrack(v2), Atom atrack(v3), Atom atrack(v4), Atom atrack(v5), Atom atrack(v6), Atom atrack(v7), Atom atrack(v8), Atom atrack(v9), Atom robottoolchangerempty(), Atom toolnotoccupiedonjoint(v10), Atom toolnotoccupiedonjoint(v11), Atom toolnotoccupiedonjoint(v12), Atom toolnotoccupiedonjoint(v13)}
Iterations: 0 | State Space: 1 | Expanded: 0 | Generations: 0 | Heuristic: 20 | Time: 0.006
State{Atom atrack(v10), Atom atrack(v11), Atom atrack(v12), Atom atrack(v13), Atom atrack(v14), Atom atrack(v16), Atom atrack(v2), Atom atrack(v3), Atom atrack(v4), Atom atrack(v5), Atom atrack(v6), Atom atrack(v7), Atom atrack(v8), Atom atrack(v9), Atom attached(v1), Atom attached(v15), Atom toolnotoccupiedonjoint(v10), Atom toolnotoccupiedonjoint(v11), Atom toolnotoccupiedonjoint(v12), Atom toolnotoccupiedonjoint(v13)}
Iterations: 3 | State Space: 10 | Expanded: 9 | Generations: 9 | Heuristic: 19 | Time: 0.063
State{Atom assembled(v1), Atom atrack(v11), Atom atrack(v14), Atom atrack(v15), Atom atrack(v16), Atom atrack(v2), Atom atrack(v3), Atom atrack(v4), Atom atrack(v5), Atom atrack(v6), Atom atrack(v7), Atom atrack(v8), Atom atrack(v9), Atom jointoccupiedbytool(v1, v3, v1), Atom jointoccupiedbytool(v1, v4, v1), Atom jointoccupiedbytool(v1, v6, v1), Atom robotgripperempty(), Atom robottoolchangerempty(), Atom toolatjoint(v10, v1, v6, v1), Atom toolatjoint(v12, v1, v3, v1), Atom toolatjoint(v13, v1, v4, v1), Atom toolnotoccupiedonjoint(v11)}
Iterations: 53 | State Space: 44 | Expanded: 43 | Generations: 43 | Heuristic: 18 | Time: 0.314
State{Atom assembled(v1), Atom atrack(v11), Atom atrack(v14), Atom atrack(v16), Atom atrack(v3), Atom atrack(v4), Atom atrack(v5), Atom atrack(v6), Atom atrack(v7), Atom atrack(v8), Atom atrack(v9), Atom attached(v15), Atom attached(v2), Atom jointoccupiedbytool(v1, v3, v1), Atom jointoccupiedbytool(v1, v4, v1), Atom jointoccupiedbytool(v1, v6, v1), Atom toolatjoint(v10, v1, v6, v1), Atom toolatjoint(v12, v1, v3, v1), Atom toolatjoint(v13, v1, v4, v1), Atom toolnotoccupiedonjoint(v11)}
Iterations: 56 | State Space: 49 | Expanded: 48 | Generations: 48 | Heuristic: 17 | Time: 0.346
State{Atom assembled(v1), Atom assembled(v2), Atom assembled(v3), Atom atrack(v14), Atom atrack(v15), Atom atrack(v16), Atom atrack(v4), Atom atrack(v5), Atom atrack(v6), Atom atrack(v7), Atom atrack(v8), Atom atrack(v9), Atom jointoccupiedbytool(v1, v4, v1), Atom jointoccupiedbytool(v1, v6, v1), Atom jointoccupiedbytool(v2, v3, v2), Atom jointoccupiedbytool(v2, v8, v2), Atom robotgripperempty(), Atom robottoolchangerempty(), Atom toolatjoint(v10, v1, v6, v1), Atom toolatjoint(v11, v2, v8, v2), Atom toolatjoint(v12, v1, v4, v1), Atom toolatjoint(v13, v2, v3, v2)}
Iterations: 378 | State Space: 204 | Expanded: 201 | Generations: 201 | Heuristic: 16 | Time: 1.352
State{Atom assembled(v1), Atom assembled(v2), Atom assembled(v3), Atom atrack(v14), Atom atrack(v15), Atom atrack(v16), Atom atrack(v4), Atom atrack(v5), Atom atrack(v6), Atom atrack(v7), Atom atrack(v8), Atom atrack(v9), Atom jointoccupiedbytool(v1, v4, v1), Atom jointoccupiedbytool(v1, v6, v1), Atom jointoccupiedbytool(v2, v4, v2), Atom jointoccupiedbytool(v2, v8, v2), Atom robotgripperempty(), Atom robottoolchangerempty(), Atom toolatjoint(v10, v1, v6, v1), Atom toolatjoint(v11, v2, v8, v2), Atom toolatjoint(v12, v1, v4, v1), Atom toolatjoint(v13, v2, v4, v2)}
Iterations: 383 | State Space: 215 | Expanded: 213 | Generations: 213 | Heuristic: 14 | Time: 1.418
State{Atom assembled(v1), Atom assembled(v2), Atom assembled(v3), Atom atrack(v14), Atom atrack(v16), Atom atrack(v5), Atom atrack(v6), Atom atrack(v7), Atom atrack(v8), Atom atrack(v9), Atom attached(v15), Atom attached(v4), Atom jointoccupiedbytool(v1, v4, v1), Atom jointoccupiedbytool(v1, v6, v1), Atom jointoccupiedbytool(v2, v4, v2), Atom jointoccupiedbytool(v2, v8, v2), Atom toolatjoint(v10, v1, v6, v1), Atom toolatjoint(v11, v2, v8, v2), Atom toolatjoint(v12, v1, v4, v1), Atom toolatjoint(v13, v2, v4, v2)}
Iterations: 386 | State Space: 219 | Expanded: 218 | Generations: 218 | Heuristic: 13 | Time: 1.454
State{Atom assembled(v1), Atom assembled(v2), Atom assembled(v3), Atom assembled(v4), Atom atrack(v14), Atom atrack(v16), Atom atrack(v5), Atom atrack(v6), Atom atrack(v7), Atom atrack(v8), Atom atrack(v9), Atom attached(v15), Atom jointoccupiedbytool(v1, v4, v1), Atom jointoccupiedbytool(v1, v6, v1), Atom jointoccupiedbytool(v2, v4, v2), Atom jointoccupiedbytool(v2, v8, v2), Atom robotgripperempty(), Atom toolatjoint(v10, v1, v6, v1), Atom toolatjoint(v11, v2, v8, v2), Atom toolatjoint(v12, v1, v4, v1), Atom toolatjoint(v13, v2, v4, v2)}
Iterations: 387 | State Space: 220 | Expanded: 219 | Generations: 219 | Heuristic: 12 | Time: 1.461
State{Atom assembled(v1), Atom assembled(v2), Atom assembled(v3), Atom assembled(v4), Atom atrack(v14), Atom atrack(v16), Atom atrack(v6), Atom atrack(v7), Atom atrack(v8), Atom atrack(v9), Atom attached(v15), Atom attached(v5), Atom jointoccupiedbytool(v1, v4, v1), Atom jointoccupiedbytool(v1, v6, v1), Atom jointoccupiedbytool(v2, v4, v2), Atom jointoccupiedbytool(v2, v8, v2), Atom toolatjoint(v10, v1, v6, v1), Atom toolatjoint(v11, v2, v8, v2), Atom toolatjoint(v12, v1, v4, v1), Atom toolatjoint(v13, v2, v4, v2)}
Iterations: 388 | State Space: 222 | Expanded: 220 | Generations: 220 | Heuristic: 11 | Time: 1.468
State{Atom assembled(v1), Atom assembled(v2), Atom assembled(v3), Atom assembled(v4), Atom assembled(v5), Atom assembled(v6), Atom atrack(v14), Atom atrack(v16), Atom atrack(v8), Atom atrack(v9), Atom attached(v15), Atom attached(v7), Atom jointoccupiedbytool(v1, v4, v1), Atom jointoccupiedbytool(v1, v6, v1), Atom jointoccupiedbytool(v2, v4, v2), Atom jointoccupiedbytool(v5, v6, v5), Atom toolatjoint(v10, v1, v6, v1), Atom toolatjoint(v11, v5, v6, v5), Atom toolatjoint(v12, v1, v4, v1), Atom toolatjoint(v13, v2, v4, v2)}
Iterations: 751 | State Space: 391 | Expanded: 390 | Generations: 390 | Heuristic: 10 | Time: 2.453
State{Atom assembled(v1), Atom assembled(v2), Atom assembled(v3), Atom assembled(v4), Atom assembled(v5), Atom assembled(v6), Atom atrack(v14), Atom atrack(v16), Atom atrack(v8), Atom atrack(v9), Atom attached(v15), Atom attached(v7), Atom jointoccupiedbytool(v1, v4, v1), Atom jointoccupiedbytool(v2, v4, v2), Atom jointoccupiedbytool(v2, v8, v2), Atom jointoccupiedbytool(v5, v6, v5), Atom toolatjoint(v10, v2, v8, v2), Atom toolatjoint(v11, v5, v6, v5), Atom toolatjoint(v12, v1, v4, v1), Atom toolatjoint(v13, v2, v4, v2)}
Iterations: 758 | State Space: 408 | Expanded: 407 | Generations: 407 | Heuristic: 9 | Time: 2.534
State{Atom assembled(v1), Atom assembled(v2), Atom assembled(v3), Atom assembled(v4), Atom assembled(v5), Atom assembled(v6), Atom atrack(v14), Atom atrack(v15), Atom atrack(v16), Atom atrack(v7), Atom atrack(v8), Atom atrack(v9), Atom jointoccupiedbytool(v1, v4, v1), Atom jointoccupiedbytool(v2, v4, v2), Atom jointoccupiedbytool(v2, v8, v2), Atom jointoccupiedbytool(v5, v9, v5), Atom robotgripperempty(), Atom robottoolchangerempty(), Atom toolatjoint(v10, v2, v8, v2), Atom toolatjoint(v11, v5, v9, v5), Atom toolatjoint(v12, v1, v4, v1), Atom toolatjoint(v13, v2, v4, v2)}
Iterations: 761 | State Space: 411 | Expanded: 409 | Generations: 409 | Heuristic: 8 | Time: 2.546
State{Atom assembled(v1), Atom assembled(v2), Atom assembled(v3), Atom assembled(v4), Atom assembled(v5), Atom assembled(v6), Atom atrack(v14), Atom atrack(v16), Atom atrack(v8), Atom atrack(v9), Atom attached(v15), Atom attached(v7), Atom jointoccupiedbytool(v1, v4, v1), Atom jointoccupiedbytool(v2, v4, v2), Atom jointoccupiedbytool(v2, v8, v2), Atom jointoccupiedbytool(v5, v9, v5), Atom toolatjoint(v10, v2, v8, v2), Atom toolatjoint(v11, v5, v9, v5), Atom toolatjoint(v12, v1, v4, v1), Atom toolatjoint(v13, v2, v4, v2)}
Iterations: 764 | State Space: 417 | Expanded: 416 | Generations: 416 | Heuristic: 7 | Time: 2.579
State{Atom assembled(v1), Atom assembled(v2), Atom assembled(v3), Atom assembled(v4), Atom assembled(v5), Atom assembled(v6), Atom assembled(v7), Atom assembled(v8), Atom atrack(v14), Atom atrack(v16), Atom atrack(v9), Atom attached(v15), Atom jointoccupiedbytool(v1, v4, v1), Atom jointoccupiedbytool(v2, v4, v2), Atom jointoccupiedbytool(v2, v8, v2), Atom jointoccupiedbytool(v7, v8, v7), Atom robotgripperempty(), Atom toolatjoint(v10, v2, v8, v2), Atom toolatjoint(v11, v7, v8, v7), Atom toolatjoint(v12, v1, v4, v1), Atom toolatjoint(v13, v2, v4, v2)}
Iterations: 922 | State Space: 504 | Expanded: 498 | Generations: 498 | Heuristic: 6 | Time: 2.991
State{Atom assembled(v1), Atom assembled(v2), Atom assembled(v3), Atom assembled(v4), Atom assembled(v5), Atom assembled(v6), Atom assembled(v7), Atom assembled(v8), Atom atrack(v14), Atom atrack(v16), Atom atrack(v9), Atom attached(v15), Atom jointoccupiedbytool(v1, v4, v1), Atom jointoccupiedbytool(v2, v4, v2), Atom jointoccupiedbytool(v5, v9, v5), Atom jointoccupiedbytool(v7, v8, v7), Atom robotgripperempty(), Atom toolatjoint(v10, v5, v9, v5), Atom toolatjoint(v11, v7, v8, v7), Atom toolatjoint(v12, v1, v4, v1), Atom toolatjoint(v13, v2, v4, v2)}
Iterations: 929 | State Space: 514 | Expanded: 509 | Generations: 509 | Heuristic: 5 | Time: 3.037
State{Atom assembled(v1), Atom assembled(v2), Atom assembled(v3), Atom assembled(v4), Atom assembled(v5), Atom assembled(v6), Atom assembled(v7), Atom assembled(v8), Atom atrack(v14), Atom atrack(v15), Atom atrack(v16), Atom atrack(v9), Atom jointoccupiedbytool(v1, v4, v1), Atom jointoccupiedbytool(v2, v4, v2), Atom jointoccupiedbytool(v5, v9, v5), Atom jointoccupiedbytool(v7, v9, v7), Atom robotgripperempty(), Atom robottoolchangerempty(), Atom toolatjoint(v10, v5, v9, v5), Atom toolatjoint(v11, v7, v9, v7), Atom toolatjoint(v12, v1, v4, v1), Atom toolatjoint(v13, v2, v4, v2)}
Iterations: 937 | State Space: 524 | Expanded: 522 | Generations: 522 | Heuristic: 4 | Time: 3.089
State{Atom assembled(v1), Atom assembled(v2), Atom assembled(v3), Atom assembled(v4), Atom assembled(v5), Atom assembled(v6), Atom assembled(v7), Atom assembled(v8), Atom atrack(v14), Atom atrack(v16), Atom atrack(v9), Atom attached(v15), Atom jointoccupiedbytool(v1, v4, v1), Atom jointoccupiedbytool(v2, v4, v2), Atom jointoccupiedbytool(v5, v9, v5), Atom jointoccupiedbytool(v7, v9, v7), Atom robotgripperempty(), Atom toolatjoint(v10, v5, v9, v5), Atom toolatjoint(v11, v7, v9, v7), Atom toolatjoint(v12, v1, v4, v1), Atom toolatjoint(v13, v2, v4, v2)}
Iterations: 938 | State Space: 529 | Expanded: 525 | Generations: 525 | Heuristic: 2 | Time: 3.103
State{Atom assembled(v1), Atom assembled(v2), Atom assembled(v3), Atom assembled(v4), Atom assembled(v5), Atom assembled(v6), Atom assembled(v7), Atom assembled(v8), Atom atrack(v14), Atom atrack(v16), Atom attached(v15), Atom attached(v9), Atom jointoccupiedbytool(v1, v4, v1), Atom jointoccupiedbytool(v2, v4, v2), Atom jointoccupiedbytool(v5, v9, v5), Atom jointoccupiedbytool(v7, v9, v7), Atom toolatjoint(v10, v5, v9, v5), Atom toolatjoint(v11, v7, v9, v7), Atom toolatjoint(v12, v1, v4, v1), Atom toolatjoint(v13, v2, v4, v2)}
Iterations: 939 | State Space: 530 | Expanded: 529 | Generations: 529 | Heuristic: 1 | Time: 3.116
State{Atom assembled(v1), Atom assembled(v2), Atom assembled(v3), Atom assembled(v4), Atom assembled(v5), Atom assembled(v6), Atom assembled(v7), Atom assembled(v8), Atom assembled(v9), Atom atrack(v14), Atom atrack(v16), Atom attached(v15), Atom jointoccupiedbytool(v1, v4, v1), Atom jointoccupiedbytool(v2, v4, v2), Atom jointoccupiedbytool(v5, v9, v5), Atom jointoccupiedbytool(v7, v9, v7), Atom robotgripperempty(), Atom toolatjoint(v10, v5, v9, v5), Atom toolatjoint(v11, v7, v9, v7), Atom toolatjoint(v12, v1, v4, v1), Atom toolatjoint(v13, v2, v4, v2)}
Iterations: 940 | State Space: 531 | Expanded: 530 | Generations: 530 | Heuristic: 0 | Time: 3.121
Summary: {complexity: 0, cost: 53.000, evaluations: 100, iterations: 1, length: 53, run_time: 3.225, sample_time: 0.000, search_time: 3.225, solutions: 1, solved: True, timeout: False}
         9247573 function calls (9051595 primitive calls) in 3.210 seconds

   Ordered by: internal time
   List reduced from 1000 to 25 due to restriction <25>

   ncalls  tottime  percall  cumtime  percall filename:lineno(function)
      531    0.413    0.001    1.957    0.004 C:\Users\harry\Documents\code_ws\pb_ws\coop_assembly\external\pyplanners\strips\hsp.py:7(compute_costs)
  1077610    0.402    0.000    0.402    0.000 C:\Users\harry\Documents\code_ws\pb_ws\coop_assembly\external\pddlstream\pddlstream\algorithms\../../downward/builds/release/bin/translate\pddl\conditions.py:232(__eq__)
    68007    0.243    0.000    0.831    0.000 C:\Users\harry\Documents\code_ws\pb_ws\coop_assembly\external\pyplanners\strips\hsp.py:24(process_operator)
  1168748    0.154    0.000    0.154    0.000 C:\Users\harry\Documents\code_ws\pb_ws\coop_assembly\external\pyplanners\strips\operators.py:51(__hash__)
  1861456    0.145    0.000    0.145    0.000 C:\Users\harry\Documents\code_ws\pb_ws\coop_assembly\external\pddlstream\pddlstream\algorithms\../../downward/builds/release/bin/translate\pddl\conditions.py:16(__hash__)
138574/369    0.134    0.000    0.327    0.001 C:\Users\harry\miniconda3\envs\itj\lib\copy.py:132(deepcopy)
      531    0.115    0.000    0.261    0.000 C:\Users\harry\Documents\code_ws\pb_ws\coop_assembly\external\pyplanners\strips\operators.py:66(derive_state)
   411572    0.108    0.000    0.108    0.000 C:\Users\harry\Documents\code_ws\pb_ws\coop_assembly\external\pddlstream\pddlstream\algorithms\../../downward/builds/release/bin/translate\pddl\conditions.py:240(key)
   248225    0.096    0.000    0.181    0.000 C:\Users\harry\Documents\code_ws\pb_ws\coop_assembly\external\pyplanners\strips\hsp.py:27(<genexpr>)
   248225    0.091    0.000    0.173    0.000 C:\Users\harry\Documents\code_ws\pb_ws\coop_assembly\external\pyplanners\strips\hsp.py:28(<genexpr>)
   205786    0.087    0.000    0.194    0.000 C:\Users\harry\Documents\code_ws\pb_ws\coop_assembly\external\pddlstream\pddlstream\algorithms\../../downward/builds/release/bin/translate\pddl\conditions.py:243(__lt__)
   148690    0.083    0.000    0.166    0.000 C:\Users\harry\Documents\code_ws\pb_ws\coop_assembly\external\pyplanners\strips\states.py:49(holds)
    61356    0.077    0.000    0.287    0.000 {built-in method _heapq.heappop}
      478    0.056    0.000    0.220    0.000 C:\Users\harry\Documents\code_ws\pb_ws\coop_assembly\external\pyplanners\strips\ff.py:20(extract_relaxed_plan)
    66371    0.044    0.000    0.225    0.000 {built-in method builtins.max}
    79879    0.041    0.000    0.049    0.000 C:\Users\harry\Documents\code_ws\pb_ws\coop_assembly\external\pddlstream\pddlstream\algorithms\../../downward/builds/release/bin/translate\pddl\conditions.py:228(__init__)
    66388    0.037    0.000    0.222    0.000 {built-in method builtins.sum}
12081/385    0.036    0.000    0.324    0.001 C:\Users\harry\miniconda3\envs\itj\lib\copy.py:269(_reconstruct)
   516459    0.034    0.000    0.034    0.000 {method 'append' of 'list' objects}
      531    0.028    0.000    0.125    0.000 C:\Users\harry\Documents\code_ws\pb_ws\coop_assembly\external\pyplanners\strips\hsp.py:20(<dictcomp>)
   124787    0.028    0.000    0.047    0.000 {method 'add' of 'set' objects}
    34686    0.027    0.000    0.504    0.000 C:\Users\harry\Documents\code_ws\pb_ws\coop_assembly\external\pyplanners\planner\state_space.py:284(extend)
14566/369    0.026    0.000    0.320    0.001 C:\Users\harry\miniconda3\envs\itj\lib\copy.py:237(_deepcopy_dict)
   144420    0.026    0.000    0.026    0.000 {built-in method __new__ of type object at 0x00007FFB928CE3F0}
    26625    0.023    0.000    0.037    0.000 C:\Users\harry\Documents\code_ws\pb_ws\coop_assembly\external\pyplanners\strips\ff.py:37(<genexpr>)


